2019-03-23 00:24:40 [restartedMain] INFO  c.b.a.AuthserviceApplication -   - No active profile set, falling back to default profiles: default
2019-03-23 00:24:43 [restartedMain] INFO  o.a.catalina.core.StandardService -   - Starting service [Tomcat]
2019-03-23 00:24:43 [restartedMain] INFO  o.a.catalina.core.StandardEngine -   - Starting Servlet engine: [Apache Tomcat/9.0.16]
2019-03-23 00:24:43 [restartedMain] INFO  o.a.c.core.AprLifecycleListener -   - The APR based Apache Tomcat Native library which allows optimal performance in production environments was not found on the java.library.path: [C:\Program Files\Java\jre1.8.0_171\bin;C:\WINDOWS\Sun\Java\bin;C:\WINDOWS\system32;C:\WINDOWS;C:/Program Files/Java/jre1.8.0_171/bin/server;C:/Program Files/Java/jre1.8.0_171/bin;C:/Program Files/Java/jre1.8.0_171/lib/amd64;C:\Program Files (x86)\Common Files\Oracle\Java\javapath;C:\ProgramData\Oracle\Java\javapath;C:\Program Files (x86)\Intel\iCLS Client\;C:\Program Files\Intel\iCLS Client\;C:\WINDOWS\system32;C:\WINDOWS;C:\WINDOWS\System32\Wbem;C:\WINDOWS\System32\WindowsPowerShell\v1.0\;C:\Program Files (x86)\Intel\Intel(R) Management Engine Components\DAL;C:\Program Files\Intel\Intel(R) Management Engine Components\DAL;C:\Program Files (x86)\Intel\Intel(R) Management Engine Components\IPT;C:\Program Files\Intel\Intel(R) Management Engine Components\IPT;C:\Program Files\nodejs\;C:\Program Files\Microsoft SQL Server\Client SDK\ODBC\110\Tools\Binn\;C:\Program Files (x86)\Microsoft SQL Server\120\Tools\Binn\;C:\Program Files\Microsoft SQL Server\120\Tools\Binn\;C:\Program Files\Microsoft SQL Server\120\DTS\Binn\;C:\Program Files (x86)\Microsoft SQL Server\120\Tools\Binn\ManagementStudio\;C:\Program Files (x86)\Microsoft SQL Server\120\DTS\Binn\;C:\Program Files\MySQL\MySQL Server 5.5\bin;C:\WINDOWS\System32\OpenSSH\;C:\Program Files\PuTTY\;C:\Program Files (x86)\scala\bin;C:\hadoop-2.8.4\bin;C:\cygwin64\bin;C:\Tools\apache-tomcat-8.5.27\bin;C:\Users\bhave\AppData\Local\Android\Sdk;C:\Users\bhave\AppData\Local\Android\Sdk\platform-tools;C:\Users\bhave\AppData\Local\Android\Sdk\tools;C:\Program Files (x86)\Google\Cloud SDK\google-cloud-sdk\bin;C:\Program Files\Git\cmd;C:\Learning\ELK\sqljdbc_4.2.8112.200_enu\sqljdbc_4.2\enu\jre8\sqljdbc42.jar;C:\Learning\ELK\sqljdbc_4.2\enu\auth\x64\sqljdbc_auth.dll;C:\Program Files\Amazon\AWSCLI\bin\;C:\Python\Scripts\;C:\Python\;C:\Users\bhave\AppData\Local\Microsoft\WindowsApps;C:\Users\bhave\AppData\Roaming\npm;C:\Program Files\Microsoft VS Code\bin;C:\Users\bhave\AppData\Local\GitHubDesktop\bin;C:\WINDOWS\system32;;.]
2019-03-23 00:24:43 [restartedMain] INFO  o.a.c.c.C.[Tomcat].[localhost].[/] -   - Initializing Spring embedded WebApplicationContext
2019-03-23 00:24:43 [restartedMain] WARN  c.n.c.sources.URLConfigurationSource -   - No URLs will be polled as dynamic configuration sources.
2019-03-23 00:24:43 [restartedMain] INFO  c.n.c.sources.URLConfigurationSource -   - To enable URLs as dynamic configuration sources, define System property archaius.configurationSource.additionalUrls or make config.properties available on classpath.
2019-03-23 00:24:43 [restartedMain] INFO  c.n.config.DynamicPropertyFactory -   - DynamicPropertyFactory is initialized with configuration sources: com.netflix.config.ConcurrentCompositeConfiguration@2a970d02
2019-03-23 00:24:44 [restartedMain] INFO  o.a.catalina.core.StandardService -   - Stopping service [Tomcat]
2019-03-23 00:26:50 [restartedMain] INFO  c.b.a.AuthserviceApplication -   - No active profile set, falling back to default profiles: default
2019-03-23 00:26:53 [restartedMain] INFO  o.a.catalina.core.StandardService -   - Starting service [Tomcat]
2019-03-23 00:26:53 [restartedMain] INFO  o.a.catalina.core.StandardEngine -   - Starting Servlet engine: [Apache Tomcat/9.0.16]
2019-03-23 00:26:53 [restartedMain] INFO  o.a.c.core.AprLifecycleListener -   - The APR based Apache Tomcat Native library which allows optimal performance in production environments was not found on the java.library.path: [C:\Java\jdk1.8.0_161\bin;C:\WINDOWS\Sun\Java\bin;C:\WINDOWS\system32;C:\WINDOWS;C:/Program Files/Java/jre1.8.0_171/bin/server;C:/Program Files/Java/jre1.8.0_171/bin;C:/Program Files/Java/jre1.8.0_171/lib/amd64;C:\Program Files (x86)\Common Files\Oracle\Java\javapath;C:\ProgramData\Oracle\Java\javapath;C:\Program Files (x86)\Intel\iCLS Client\;C:\Program Files\Intel\iCLS Client\;C:\WINDOWS\system32;C:\WINDOWS;C:\WINDOWS\System32\Wbem;C:\WINDOWS\System32\WindowsPowerShell\v1.0\;C:\Program Files (x86)\Intel\Intel(R) Management Engine Components\DAL;C:\Program Files\Intel\Intel(R) Management Engine Components\DAL;C:\Program Files (x86)\Intel\Intel(R) Management Engine Components\IPT;C:\Program Files\Intel\Intel(R) Management Engine Components\IPT;C:\Program Files\nodejs\;C:\Program Files\Microsoft SQL Server\Client SDK\ODBC\110\Tools\Binn\;C:\Program Files (x86)\Microsoft SQL Server\120\Tools\Binn\;C:\Program Files\Microsoft SQL Server\120\Tools\Binn\;C:\Program Files\Microsoft SQL Server\120\DTS\Binn\;C:\Program Files (x86)\Microsoft SQL Server\120\Tools\Binn\ManagementStudio\;C:\Program Files (x86)\Microsoft SQL Server\120\DTS\Binn\;C:\Program Files\MySQL\MySQL Server 5.5\bin;C:\WINDOWS\System32\OpenSSH\;C:\Program Files\PuTTY\;C:\Program Files (x86)\scala\bin;C:\hadoop-2.8.4\bin;C:\cygwin64\bin;C:\Tools\apache-tomcat-8.5.27\bin;C:\Users\bhave\AppData\Local\Android\Sdk;C:\Users\bhave\AppData\Local\Android\Sdk\platform-tools;C:\Users\bhave\AppData\Local\Android\Sdk\tools;C:\Program Files (x86)\Google\Cloud SDK\google-cloud-sdk\bin;C:\Program Files\Git\cmd;C:\Learning\ELK\sqljdbc_4.2.8112.200_enu\sqljdbc_4.2\enu\jre8\sqljdbc42.jar;C:\Learning\ELK\sqljdbc_4.2\enu\auth\x64\sqljdbc_auth.dll;C:\Program Files\Amazon\AWSCLI\bin\;C:\Python\Scripts\;C:\Python\;C:\Users\bhave\AppData\Local\Microsoft\WindowsApps;C:\Users\bhave\AppData\Roaming\npm;C:\Program Files\Microsoft VS Code\bin;C:\Users\bhave\AppData\Local\GitHubDesktop\bin;C:\WINDOWS\system32;;.]
2019-03-23 00:26:53 [restartedMain] INFO  o.a.c.c.C.[Tomcat].[localhost].[/] -   - Initializing Spring embedded WebApplicationContext
2019-03-23 00:26:53 [restartedMain] WARN  c.n.c.sources.URLConfigurationSource -   - No URLs will be polled as dynamic configuration sources.
2019-03-23 00:26:53 [restartedMain] INFO  c.n.c.sources.URLConfigurationSource -   - To enable URLs as dynamic configuration sources, define System property archaius.configurationSource.additionalUrls or make config.properties available on classpath.
2019-03-23 00:26:53 [restartedMain] INFO  c.n.config.DynamicPropertyFactory -   - DynamicPropertyFactory is initialized with configuration sources: com.netflix.config.ConcurrentCompositeConfiguration@5a28e960
2019-03-23 00:26:53 [restartedMain] INFO  o.a.catalina.core.StandardService -   - Stopping service [Tomcat]
2019-03-23 00:29:27 [restartedMain] INFO  c.b.a.AuthserviceApplication -   - No active profile set, falling back to default profiles: default
2019-03-23 00:29:30 [restartedMain] INFO  o.a.catalina.core.StandardService -   - Starting service [Tomcat]
2019-03-23 00:29:30 [restartedMain] INFO  o.a.catalina.core.StandardEngine -   - Starting Servlet engine: [Apache Tomcat/9.0.16]
2019-03-23 00:29:30 [restartedMain] INFO  o.a.c.core.AprLifecycleListener -   - The APR based Apache Tomcat Native library which allows optimal performance in production environments was not found on the java.library.path: [C:\Java\jdk1.8.0_161\bin;C:\WINDOWS\Sun\Java\bin;C:\WINDOWS\system32;C:\WINDOWS;C:/Program Files/Java/jre1.8.0_171/bin/server;C:/Program Files/Java/jre1.8.0_171/bin;C:/Program Files/Java/jre1.8.0_171/lib/amd64;C:\Program Files (x86)\Common Files\Oracle\Java\javapath;C:\ProgramData\Oracle\Java\javapath;C:\Program Files (x86)\Intel\iCLS Client\;C:\Program Files\Intel\iCLS Client\;C:\WINDOWS\system32;C:\WINDOWS;C:\WINDOWS\System32\Wbem;C:\WINDOWS\System32\WindowsPowerShell\v1.0\;C:\Program Files (x86)\Intel\Intel(R) Management Engine Components\DAL;C:\Program Files\Intel\Intel(R) Management Engine Components\DAL;C:\Program Files (x86)\Intel\Intel(R) Management Engine Components\IPT;C:\Program Files\Intel\Intel(R) Management Engine Components\IPT;C:\Program Files\nodejs\;C:\Program Files\Microsoft SQL Server\Client SDK\ODBC\110\Tools\Binn\;C:\Program Files (x86)\Microsoft SQL Server\120\Tools\Binn\;C:\Program Files\Microsoft SQL Server\120\Tools\Binn\;C:\Program Files\Microsoft SQL Server\120\DTS\Binn\;C:\Program Files (x86)\Microsoft SQL Server\120\Tools\Binn\ManagementStudio\;C:\Program Files (x86)\Microsoft SQL Server\120\DTS\Binn\;C:\Program Files\MySQL\MySQL Server 5.5\bin;C:\WINDOWS\System32\OpenSSH\;C:\Program Files\PuTTY\;C:\Program Files (x86)\scala\bin;C:\hadoop-2.8.4\bin;C:\cygwin64\bin;C:\Tools\apache-tomcat-8.5.27\bin;C:\Users\bhave\AppData\Local\Android\Sdk;C:\Users\bhave\AppData\Local\Android\Sdk\platform-tools;C:\Users\bhave\AppData\Local\Android\Sdk\tools;C:\Program Files (x86)\Google\Cloud SDK\google-cloud-sdk\bin;C:\Program Files\Git\cmd;C:\Learning\ELK\sqljdbc_4.2.8112.200_enu\sqljdbc_4.2\enu\jre8\sqljdbc42.jar;C:\Learning\ELK\sqljdbc_4.2\enu\auth\x64\sqljdbc_auth.dll;C:\Program Files\Amazon\AWSCLI\bin\;C:\Python\Scripts\;C:\Python\;C:\Users\bhave\AppData\Local\Microsoft\WindowsApps;C:\Users\bhave\AppData\Roaming\npm;C:\Program Files\Microsoft VS Code\bin;C:\Users\bhave\AppData\Local\GitHubDesktop\bin;C:\WINDOWS\system32;;.]
2019-03-23 00:29:31 [restartedMain] INFO  o.a.c.c.C.[Tomcat].[localhost].[/] -   - Initializing Spring embedded WebApplicationContext
2019-03-23 00:29:31 [restartedMain] WARN  c.n.c.sources.URLConfigurationSource -   - No URLs will be polled as dynamic configuration sources.
2019-03-23 00:29:31 [restartedMain] INFO  c.n.c.sources.URLConfigurationSource -   - To enable URLs as dynamic configuration sources, define System property archaius.configurationSource.additionalUrls or make config.properties available on classpath.
2019-03-23 00:29:31 [restartedMain] INFO  c.n.config.DynamicPropertyFactory -   - DynamicPropertyFactory is initialized with configuration sources: com.netflix.config.ConcurrentCompositeConfiguration@4da7c9b6
2019-03-23 00:29:31 [restartedMain] INFO  o.a.catalina.core.StandardService -   - Stopping service [Tomcat]
2019-03-23 00:32:17 [restartedMain] INFO  c.b.a.AuthserviceApplication -   - No active profile set, falling back to default profiles: default
2019-03-23 00:32:19 [restartedMain] INFO  o.a.catalina.core.StandardService -   - Starting service [Tomcat]
2019-03-23 00:32:19 [restartedMain] INFO  o.a.catalina.core.StandardEngine -   - Starting Servlet engine: [Apache Tomcat/9.0.16]
2019-03-23 00:32:19 [restartedMain] INFO  o.a.c.core.AprLifecycleListener -   - The APR based Apache Tomcat Native library which allows optimal performance in production environments was not found on the java.library.path: [C:\Java\jdk1.8.0_161\bin;C:\WINDOWS\Sun\Java\bin;C:\WINDOWS\system32;C:\WINDOWS;C:/Program Files/Java/jre1.8.0_171/bin/server;C:/Program Files/Java/jre1.8.0_171/bin;C:/Program Files/Java/jre1.8.0_171/lib/amd64;C:\Program Files (x86)\Common Files\Oracle\Java\javapath;C:\ProgramData\Oracle\Java\javapath;C:\Program Files (x86)\Intel\iCLS Client\;C:\Program Files\Intel\iCLS Client\;C:\WINDOWS\system32;C:\WINDOWS;C:\WINDOWS\System32\Wbem;C:\WINDOWS\System32\WindowsPowerShell\v1.0\;C:\Program Files (x86)\Intel\Intel(R) Management Engine Components\DAL;C:\Program Files\Intel\Intel(R) Management Engine Components\DAL;C:\Program Files (x86)\Intel\Intel(R) Management Engine Components\IPT;C:\Program Files\Intel\Intel(R) Management Engine Components\IPT;C:\Program Files\nodejs\;C:\Program Files\Microsoft SQL Server\Client SDK\ODBC\110\Tools\Binn\;C:\Program Files (x86)\Microsoft SQL Server\120\Tools\Binn\;C:\Program Files\Microsoft SQL Server\120\Tools\Binn\;C:\Program Files\Microsoft SQL Server\120\DTS\Binn\;C:\Program Files (x86)\Microsoft SQL Server\120\Tools\Binn\ManagementStudio\;C:\Program Files (x86)\Microsoft SQL Server\120\DTS\Binn\;C:\Program Files\MySQL\MySQL Server 5.5\bin;C:\WINDOWS\System32\OpenSSH\;C:\Program Files\PuTTY\;C:\Program Files (x86)\scala\bin;C:\hadoop-2.8.4\bin;C:\cygwin64\bin;C:\Tools\apache-tomcat-8.5.27\bin;C:\Users\bhave\AppData\Local\Android\Sdk;C:\Users\bhave\AppData\Local\Android\Sdk\platform-tools;C:\Users\bhave\AppData\Local\Android\Sdk\tools;C:\Program Files (x86)\Google\Cloud SDK\google-cloud-sdk\bin;C:\Program Files\Git\cmd;C:\Learning\ELK\sqljdbc_4.2.8112.200_enu\sqljdbc_4.2\enu\jre8\sqljdbc42.jar;C:\Learning\ELK\sqljdbc_4.2\enu\auth\x64\sqljdbc_auth.dll;C:\Program Files\Amazon\AWSCLI\bin\;C:\Python\Scripts\;C:\Python\;C:\Users\bhave\AppData\Local\Microsoft\WindowsApps;C:\Users\bhave\AppData\Roaming\npm;C:\Program Files\Microsoft VS Code\bin;C:\Users\bhave\AppData\Local\GitHubDesktop\bin;C:\WINDOWS\system32;;.]
2019-03-23 00:32:19 [restartedMain] INFO  o.a.c.c.C.[Tomcat].[localhost].[/] -   - Initializing Spring embedded WebApplicationContext
2019-03-23 00:32:20 [restartedMain] WARN  c.n.c.sources.URLConfigurationSource -   - No URLs will be polled as dynamic configuration sources.
2019-03-23 00:32:20 [restartedMain] INFO  c.n.c.sources.URLConfigurationSource -   - To enable URLs as dynamic configuration sources, define System property archaius.configurationSource.additionalUrls or make config.properties available on classpath.
2019-03-23 00:32:20 [restartedMain] INFO  c.n.config.DynamicPropertyFactory -   - DynamicPropertyFactory is initialized with configuration sources: com.netflix.config.ConcurrentCompositeConfiguration@17393698
2019-03-23 00:32:20 [restartedMain] INFO  o.a.catalina.core.StandardService -   - Stopping service [Tomcat]
2019-03-23 00:32:49 [restartedMain] INFO  c.b.a.AuthserviceApplication -   - No active profile set, falling back to default profiles: default
2019-03-23 00:32:50 [restartedMain] INFO  o.s.d.r.c.RepositoryConfigurationDelegate -   - Bootstrapping Spring Data repositories in DEFAULT mode.
2019-03-23 00:32:50 [restartedMain] INFO  o.s.d.r.c.RepositoryConfigurationDelegate -   - Finished Spring Data repository scanning in 22ms. Found 0 repository interfaces.
2019-03-23 00:32:50 [restartedMain] WARN  o.s.boot.actuate.endpoint.EndpointId -   - Endpoint ID 'service-registry' contains invalid characters, please migrate to a valid format.
2019-03-23 00:32:51 [restartedMain] INFO  o.s.cloud.context.scope.GenericScope -   - BeanFactory id=a6755ea0-fa5e-320d-a3f3-aa647b55ab32
2019-03-23 00:32:51 [restartedMain] INFO  o.s.c.s.PostProcessorRegistrationDelegate$BeanPostProcessorChecker -   - Bean 'org.springframework.transaction.annotation.ProxyTransactionManagementConfiguration' of type [org.springframework.transaction.annotation.ProxyTransactionManagementConfiguration$$EnhancerBySpringCGLIB$$8b5e02d0] is not eligible for getting processed by all BeanPostProcessors (for example: not eligible for auto-proxying)
2019-03-23 00:32:51 [restartedMain] INFO  o.s.c.s.PostProcessorRegistrationDelegate$BeanPostProcessorChecker -   - Bean 'org.springframework.cloud.autoconfigure.ConfigurationPropertiesRebinderAutoConfiguration' of type [org.springframework.cloud.autoconfigure.ConfigurationPropertiesRebinderAutoConfiguration$$EnhancerBySpringCGLIB$$a77805cd] is not eligible for getting processed by all BeanPostProcessors (for example: not eligible for auto-proxying)
2019-03-23 00:32:52 [restartedMain] INFO  o.s.b.w.e.tomcat.TomcatWebServer -   - Tomcat initialized with port(s): 3001 (http)
2019-03-23 00:32:52 [restartedMain] INFO  o.a.catalina.core.StandardService -   - Starting service [Tomcat]
2019-03-23 00:32:52 [restartedMain] INFO  o.a.catalina.core.StandardEngine -   - Starting Servlet engine: [Apache Tomcat/9.0.16]
2019-03-23 00:32:52 [restartedMain] INFO  o.a.c.core.AprLifecycleListener -   - The APR based Apache Tomcat Native library which allows optimal performance in production environments was not found on the java.library.path: [C:\Java\jdk1.8.0_161\bin;C:\WINDOWS\Sun\Java\bin;C:\WINDOWS\system32;C:\WINDOWS;C:/Program Files/Java/jre1.8.0_171/bin/server;C:/Program Files/Java/jre1.8.0_171/bin;C:/Program Files/Java/jre1.8.0_171/lib/amd64;C:\Program Files (x86)\Common Files\Oracle\Java\javapath;C:\ProgramData\Oracle\Java\javapath;C:\Program Files (x86)\Intel\iCLS Client\;C:\Program Files\Intel\iCLS Client\;C:\WINDOWS\system32;C:\WINDOWS;C:\WINDOWS\System32\Wbem;C:\WINDOWS\System32\WindowsPowerShell\v1.0\;C:\Program Files (x86)\Intel\Intel(R) Management Engine Components\DAL;C:\Program Files\Intel\Intel(R) Management Engine Components\DAL;C:\Program Files (x86)\Intel\Intel(R) Management Engine Components\IPT;C:\Program Files\Intel\Intel(R) Management Engine Components\IPT;C:\Program Files\nodejs\;C:\Program Files\Microsoft SQL Server\Client SDK\ODBC\110\Tools\Binn\;C:\Program Files (x86)\Microsoft SQL Server\120\Tools\Binn\;C:\Program Files\Microsoft SQL Server\120\Tools\Binn\;C:\Program Files\Microsoft SQL Server\120\DTS\Binn\;C:\Program Files (x86)\Microsoft SQL Server\120\Tools\Binn\ManagementStudio\;C:\Program Files (x86)\Microsoft SQL Server\120\DTS\Binn\;C:\Program Files\MySQL\MySQL Server 5.5\bin;C:\WINDOWS\System32\OpenSSH\;C:\Program Files\PuTTY\;C:\Program Files (x86)\scala\bin;C:\hadoop-2.8.4\bin;C:\cygwin64\bin;C:\Tools\apache-tomcat-8.5.27\bin;C:\Users\bhave\AppData\Local\Android\Sdk;C:\Users\bhave\AppData\Local\Android\Sdk\platform-tools;C:\Users\bhave\AppData\Local\Android\Sdk\tools;C:\Program Files (x86)\Google\Cloud SDK\google-cloud-sdk\bin;C:\Program Files\Git\cmd;C:\Learning\ELK\sqljdbc_4.2.8112.200_enu\sqljdbc_4.2\enu\jre8\sqljdbc42.jar;C:\Learning\ELK\sqljdbc_4.2\enu\auth\x64\sqljdbc_auth.dll;C:\Program Files\Amazon\AWSCLI\bin\;C:\Python\Scripts\;C:\Python\;C:\Users\bhave\AppData\Local\Microsoft\WindowsApps;C:\Users\bhave\AppData\Roaming\npm;C:\Program Files\Microsoft VS Code\bin;C:\Users\bhave\AppData\Local\GitHubDesktop\bin;C:\WINDOWS\system32;;.]
2019-03-23 00:32:52 [restartedMain] INFO  o.a.c.c.C.[Tomcat].[localhost].[/] -   - Initializing Spring embedded WebApplicationContext
2019-03-23 00:32:52 [restartedMain] INFO  o.s.web.context.ContextLoader -   - Root WebApplicationContext: initialization completed in 2889 ms
2019-03-23 00:32:52 [restartedMain] WARN  c.n.c.sources.URLConfigurationSource -   - No URLs will be polled as dynamic configuration sources.
2019-03-23 00:32:52 [restartedMain] INFO  c.n.c.sources.URLConfigurationSource -   - To enable URLs as dynamic configuration sources, define System property archaius.configurationSource.additionalUrls or make config.properties available on classpath.
2019-03-23 00:32:52 [restartedMain] INFO  c.n.config.DynamicPropertyFactory -   - DynamicPropertyFactory is initialized with configuration sources: com.netflix.config.ConcurrentCompositeConfiguration@66912855
2019-03-23 00:32:52 [restartedMain] ERROR o.s.b.w.e.tomcat.TomcatStarter -   - Error starting Tomcat context. Exception: org.springframework.beans.factory.BeanCreationException. Message: Error creating bean with name 'servletEndpointRegistrar' defined in class path resource [org/springframework/boot/actuate/autoconfigure/endpoint/web/ServletEndpointManagementContextConfiguration$WebMvcServletEndpointManagementContextConfiguration.class]: Bean instantiation via factory method failed; nested exception is org.springframework.beans.BeanInstantiationException: Failed to instantiate [org.springframework.boot.actuate.endpoint.web.ServletEndpointRegistrar]: Factory method 'servletEndpointRegistrar' threw exception; nested exception is org.springframework.beans.factory.UnsatisfiedDependencyException: Error creating bean with name 'healthEndpoint' defined in class path resource [org/springframework/boot/actuate/autoconfigure/health/HealthEndpointConfiguration.class]: Unsatisfied dependency expressed through method 'healthEndpoint' parameter 1; nested exception is org.springframework.beans.factory.BeanCreationException: Error creating bean with name 'healthIndicatorRegistry' defined in class path resource [org/springframework/boot/actuate/autoconfigure/health/HealthIndicatorAutoConfiguration.class]: Bean instantiation via factory method failed; nested exception is org.springframework.beans.BeanInstantiationException: Failed to instantiate [org.springframework.boot.actuate.health.HealthIndicatorRegistry]: Factory method 'healthIndicatorRegistry' threw exception; nested exception is org.springframework.beans.factory.BeanCreationException: Error creating bean with name 'dbHealthIndicator' defined in class path resource [org/springframework/boot/actuate/autoconfigure/jdbc/DataSourceHealthIndicatorAutoConfiguration.class]: Bean instantiation via factory method failed; nested exception is org.springframework.beans.BeanInstantiationException: Failed to instantiate [org.springframework.boot.actuate.health.HealthIndicator]: Factory method 'dbHealthIndicator' threw exception; nested exception is org.springframework.beans.factory.BeanCreationException: Error creating bean with name 'scopedTarget.dataSource' defined in class path resource [org/springframework/boot/autoconfigure/jdbc/DataSourceConfiguration$Hikari.class]: Bean instantiation via factory method failed; nested exception is org.springframework.beans.BeanInstantiationException: Failed to instantiate [com.zaxxer.hikari.HikariDataSource]: Factory method 'dataSource' threw exception; nested exception is org.springframework.boot.autoconfigure.jdbc.DataSourceProperties$DataSourceBeanCreationException: Failed to determine a suitable driver class
2019-03-23 00:32:52 [restartedMain] INFO  o.a.catalina.core.StandardService -   - Stopping service [Tomcat]
2019-03-23 00:32:52 [restartedMain] WARN  o.s.b.w.s.c.AnnotationConfigServletWebServerApplicationContext -   - Exception encountered during context initialization - cancelling refresh attempt: org.springframework.context.ApplicationContextException: Unable to start web server; nested exception is org.springframework.boot.web.server.WebServerException: Unable to start embedded Tomcat
2019-03-23 00:32:52 [restartedMain] INFO  o.s.b.a.l.ConditionEvaluationReportLoggingListener -   - 

Error starting ApplicationContext. To display the conditions report re-run your application with 'debug' enabled.
2019-03-23 00:32:52 [restartedMain] ERROR o.s.b.d.LoggingFailureAnalysisReporter -   - 

***************************
APPLICATION FAILED TO START
***************************

Description:

Failed to configure a DataSource: 'url' attribute is not specified and no embedded datasource could be configured.

Reason: Failed to determine a suitable driver class


Action:

Consider the following:
	If you want an embedded database (H2, HSQL or Derby), please put it on the classpath.
	If you have database settings to be loaded from a particular profile you may need to activate it (no profiles are currently active).

2019-03-23 00:33:40 [restartedMain] INFO  c.b.a.AuthserviceApplication -   - No active profile set, falling back to default profiles: default
2019-03-23 00:33:41 [restartedMain] INFO  o.s.d.r.c.RepositoryConfigurationDelegate -   - Bootstrapping Spring Data repositories in DEFAULT mode.
2019-03-23 00:33:41 [restartedMain] INFO  o.s.d.r.c.RepositoryConfigurationDelegate -   - Finished Spring Data repository scanning in 20ms. Found 0 repository interfaces.
2019-03-23 00:33:41 [restartedMain] WARN  o.s.boot.actuate.endpoint.EndpointId -   - Endpoint ID 'service-registry' contains invalid characters, please migrate to a valid format.
2019-03-23 00:33:41 [restartedMain] INFO  o.s.cloud.context.scope.GenericScope -   - BeanFactory id=a6755ea0-fa5e-320d-a3f3-aa647b55ab32
2019-03-23 00:33:41 [restartedMain] INFO  o.s.c.s.PostProcessorRegistrationDelegate$BeanPostProcessorChecker -   - Bean 'org.springframework.transaction.annotation.ProxyTransactionManagementConfiguration' of type [org.springframework.transaction.annotation.ProxyTransactionManagementConfiguration$$EnhancerBySpringCGLIB$$1dbd921b] is not eligible for getting processed by all BeanPostProcessors (for example: not eligible for auto-proxying)
2019-03-23 00:33:42 [restartedMain] INFO  o.s.c.s.PostProcessorRegistrationDelegate$BeanPostProcessorChecker -   - Bean 'org.springframework.cloud.autoconfigure.ConfigurationPropertiesRebinderAutoConfiguration' of type [org.springframework.cloud.autoconfigure.ConfigurationPropertiesRebinderAutoConfiguration$$EnhancerBySpringCGLIB$$39d79518] is not eligible for getting processed by all BeanPostProcessors (for example: not eligible for auto-proxying)
2019-03-23 00:33:42 [restartedMain] INFO  o.s.b.w.e.tomcat.TomcatWebServer -   - Tomcat initialized with port(s): 3001 (http)
2019-03-23 00:33:42 [restartedMain] INFO  o.a.catalina.core.StandardService -   - Starting service [Tomcat]
2019-03-23 00:33:42 [restartedMain] INFO  o.a.catalina.core.StandardEngine -   - Starting Servlet engine: [Apache Tomcat/9.0.16]
2019-03-23 00:33:42 [restartedMain] INFO  o.a.c.core.AprLifecycleListener -   - The APR based Apache Tomcat Native library which allows optimal performance in production environments was not found on the java.library.path: [C:\Java\jdk1.8.0_161\bin;C:\WINDOWS\Sun\Java\bin;C:\WINDOWS\system32;C:\WINDOWS;C:/Program Files/Java/jre1.8.0_171/bin/server;C:/Program Files/Java/jre1.8.0_171/bin;C:/Program Files/Java/jre1.8.0_171/lib/amd64;C:\Program Files (x86)\Common Files\Oracle\Java\javapath;C:\ProgramData\Oracle\Java\javapath;C:\Program Files (x86)\Intel\iCLS Client\;C:\Program Files\Intel\iCLS Client\;C:\WINDOWS\system32;C:\WINDOWS;C:\WINDOWS\System32\Wbem;C:\WINDOWS\System32\WindowsPowerShell\v1.0\;C:\Program Files (x86)\Intel\Intel(R) Management Engine Components\DAL;C:\Program Files\Intel\Intel(R) Management Engine Components\DAL;C:\Program Files (x86)\Intel\Intel(R) Management Engine Components\IPT;C:\Program Files\Intel\Intel(R) Management Engine Components\IPT;C:\Program Files\nodejs\;C:\Program Files\Microsoft SQL Server\Client SDK\ODBC\110\Tools\Binn\;C:\Program Files (x86)\Microsoft SQL Server\120\Tools\Binn\;C:\Program Files\Microsoft SQL Server\120\Tools\Binn\;C:\Program Files\Microsoft SQL Server\120\DTS\Binn\;C:\Program Files (x86)\Microsoft SQL Server\120\Tools\Binn\ManagementStudio\;C:\Program Files (x86)\Microsoft SQL Server\120\DTS\Binn\;C:\Program Files\MySQL\MySQL Server 5.5\bin;C:\WINDOWS\System32\OpenSSH\;C:\Program Files\PuTTY\;C:\Program Files (x86)\scala\bin;C:\hadoop-2.8.4\bin;C:\cygwin64\bin;C:\Tools\apache-tomcat-8.5.27\bin;C:\Users\bhave\AppData\Local\Android\Sdk;C:\Users\bhave\AppData\Local\Android\Sdk\platform-tools;C:\Users\bhave\AppData\Local\Android\Sdk\tools;C:\Program Files (x86)\Google\Cloud SDK\google-cloud-sdk\bin;C:\Program Files\Git\cmd;C:\Learning\ELK\sqljdbc_4.2.8112.200_enu\sqljdbc_4.2\enu\jre8\sqljdbc42.jar;C:\Learning\ELK\sqljdbc_4.2\enu\auth\x64\sqljdbc_auth.dll;C:\Program Files\Amazon\AWSCLI\bin\;C:\Python\Scripts\;C:\Python\;C:\Users\bhave\AppData\Local\Microsoft\WindowsApps;C:\Users\bhave\AppData\Roaming\npm;C:\Program Files\Microsoft VS Code\bin;C:\Users\bhave\AppData\Local\GitHubDesktop\bin;C:\WINDOWS\system32;;.]
2019-03-23 00:33:43 [restartedMain] INFO  o.a.c.c.C.[Tomcat].[localhost].[/] -   - Initializing Spring embedded WebApplicationContext
2019-03-23 00:33:43 [restartedMain] INFO  o.s.web.context.ContextLoader -   - Root WebApplicationContext: initialization completed in 2940 ms
2019-03-23 00:33:43 [restartedMain] WARN  c.n.c.sources.URLConfigurationSource -   - No URLs will be polled as dynamic configuration sources.
2019-03-23 00:33:43 [restartedMain] INFO  c.n.c.sources.URLConfigurationSource -   - To enable URLs as dynamic configuration sources, define System property archaius.configurationSource.additionalUrls or make config.properties available on classpath.
2019-03-23 00:33:43 [restartedMain] INFO  c.n.config.DynamicPropertyFactory -   - DynamicPropertyFactory is initialized with configuration sources: com.netflix.config.ConcurrentCompositeConfiguration@4b9fde7f
2019-03-23 00:33:44 [restartedMain] INFO  o.s.cloud.commons.util.InetUtils -   - Cannot determine local hostname
2019-03-23 00:33:45 [restartedMain] INFO  com.zaxxer.hikari.HikariDataSource -   - HikariPool-1 - Starting...
2019-03-23 00:33:45 [restartedMain] INFO  com.zaxxer.hikari.HikariDataSource -   - HikariPool-1 - Start completed.
2019-03-23 00:33:45 [restartedMain] INFO  o.h.jpa.internal.util.LogHelper -   - HHH000204: Processing PersistenceUnitInfo [
	name: default
	...]
2019-03-23 00:33:45 [restartedMain] INFO  org.hibernate.Version -   - HHH000412: Hibernate Core {5.3.7.Final}
2019-03-23 00:33:45 [restartedMain] INFO  org.hibernate.cfg.Environment -   - HHH000206: hibernate.properties not found
2019-03-23 00:33:46 [restartedMain] INFO  o.h.annotations.common.Version -   - HCANN000001: Hibernate Commons Annotations {5.0.4.Final}
2019-03-23 00:33:46 [restartedMain] INFO  org.hibernate.dialect.Dialect -   - HHH000400: Using dialect: org.hibernate.dialect.MySQL5Dialect
2019-03-23 00:33:46 [restartedMain] INFO  o.s.o.j.LocalContainerEntityManagerFactoryBean -   - Initialized JPA EntityManagerFactory for persistence unit 'default'
2019-03-23 00:33:46 [restartedMain] WARN  c.n.c.sources.URLConfigurationSource -   - No URLs will be polled as dynamic configuration sources.
2019-03-23 00:33:46 [restartedMain] INFO  c.n.c.sources.URLConfigurationSource -   - To enable URLs as dynamic configuration sources, define System property archaius.configurationSource.additionalUrls or make config.properties available on classpath.
2019-03-23 00:33:46 [restartedMain] INFO  o.s.s.c.ThreadPoolTaskExecutor -   - Initializing ExecutorService 'applicationTaskExecutor'
2019-03-23 00:33:47 [restartedMain] WARN  o.s.b.a.o.j.JpaBaseConfiguration$JpaWebConfiguration$JpaWebMvcConfiguration -   - spring.jpa.open-in-view is enabled by default. Therefore, database queries may be performed during view rendering. Explicitly configure spring.jpa.open-in-view to disable this warning
2019-03-23 00:33:47 [restartedMain] WARN  o.s.b.d.a.OptionalLiveReloadServer -   - Unable to start LiveReload server
2019-03-23 00:33:48 [restartedMain] INFO  o.s.cloud.commons.util.InetUtils -   - Cannot determine local hostname
2019-03-23 00:33:48 [restartedMain] INFO  o.s.b.a.e.web.EndpointLinksResolver -   - Exposing 2 endpoint(s) beneath base path '/actuator'
2019-03-23 00:33:49 [restartedMain] INFO  o.s.c.n.eureka.InstanceInfoFactory -   - Setting initial instance status as: STARTING
2019-03-23 00:33:49 [restartedMain] INFO  c.netflix.discovery.DiscoveryClient -   - Initializing Eureka in region us-east-1
2019-03-23 00:33:50 [restartedMain] INFO  c.n.d.p.DiscoveryJerseyProvider -   - Using JSON encoding codec LegacyJacksonJson
2019-03-23 00:33:50 [restartedMain] INFO  c.n.d.p.DiscoveryJerseyProvider -   - Using JSON decoding codec LegacyJacksonJson
2019-03-23 00:33:50 [restartedMain] INFO  c.n.d.p.DiscoveryJerseyProvider -   - Using XML encoding codec XStreamXml
2019-03-23 00:33:50 [restartedMain] INFO  c.n.d.p.DiscoveryJerseyProvider -   - Using XML decoding codec XStreamXml
2019-03-23 00:33:50 [restartedMain] INFO  c.n.d.s.r.aws.ConfigClusterResolver -   - Resolving eureka endpoints via configuration
2019-03-23 00:33:50 [restartedMain] INFO  c.netflix.discovery.DiscoveryClient -   - Disable delta property : false
2019-03-23 00:33:50 [restartedMain] INFO  c.netflix.discovery.DiscoveryClient -   - Single vip registry refresh property : null
2019-03-23 00:33:50 [restartedMain] INFO  c.netflix.discovery.DiscoveryClient -   - Force full registry fetch : false
2019-03-23 00:33:50 [restartedMain] INFO  c.netflix.discovery.DiscoveryClient -   - Application is null : false
2019-03-23 00:33:50 [restartedMain] INFO  c.netflix.discovery.DiscoveryClient -   - Registered Applications size is zero : true
2019-03-23 00:33:50 [restartedMain] INFO  c.netflix.discovery.DiscoveryClient -   - Application version is -1: true
2019-03-23 00:33:50 [restartedMain] INFO  c.netflix.discovery.DiscoveryClient -   - Getting all instance registry info from the eureka server
2019-03-23 00:33:51 [restartedMain] INFO  c.netflix.discovery.DiscoveryClient -   - The response status is 200
2019-03-23 00:33:51 [restartedMain] INFO  c.netflix.discovery.DiscoveryClient -   - Starting heartbeat executor: renew interval is: 30
2019-03-23 00:33:51 [restartedMain] INFO  c.n.discovery.InstanceInfoReplicator -   - InstanceInfoReplicator onDemand update allowed rate per min is 4
2019-03-23 00:33:51 [restartedMain] INFO  c.netflix.discovery.DiscoveryClient -   - Discovery Client initialized at timestamp 1553281431194 with initial instances count: 2
2019-03-23 00:33:51 [restartedMain] INFO  o.s.c.n.e.s.EurekaServiceRegistry -   - Registering application AUTH-SERVICE with eureka with status UP
2019-03-23 00:33:51 [restartedMain] INFO  c.netflix.discovery.DiscoveryClient -   - Saw local status change event StatusChangeEvent [timestamp=1553281431218, current=UP, previous=STARTING]
2019-03-23 00:33:51 [DiscoveryClient-InstanceInfoReplicator-0] INFO  c.netflix.discovery.DiscoveryClient -   - DiscoveryClient_AUTH-SERVICE/localhost:auth-service:3001: registering service...
2019-03-23 00:33:51 [DiscoveryClient-InstanceInfoReplicator-0] INFO  c.netflix.discovery.DiscoveryClient -   - DiscoveryClient_AUTH-SERVICE/localhost:auth-service:3001 - registration status: 204
2019-03-23 00:33:51 [restartedMain] INFO  o.s.b.w.e.tomcat.TomcatWebServer -   - Tomcat started on port(s): 3001 (http) with context path ''
2019-03-23 00:33:51 [restartedMain] INFO  o.s.c.n.e.s.EurekaAutoServiceRegistration -   - Updating port to 3001
2019-03-23 00:33:51 [restartedMain] INFO  c.b.a.AuthserviceApplication -   - Started AuthserviceApplication in 14.91 seconds (JVM running for 15.569)
2019-03-23 00:39:34 [restartedMain] INFO  c.b.a.AuthserviceApplication -   - No active profile set, falling back to default profiles: default
2019-03-23 00:39:35 [restartedMain] INFO  o.s.d.r.c.RepositoryConfigurationDelegate -   - Bootstrapping Spring Data repositories in DEFAULT mode.
2019-03-23 00:39:35 [restartedMain] INFO  o.s.d.r.c.RepositoryConfigurationDelegate -   - Finished Spring Data repository scanning in 23ms. Found 0 repository interfaces.
2019-03-23 00:39:35 [restartedMain] WARN  o.s.boot.actuate.endpoint.EndpointId -   - Endpoint ID 'service-registry' contains invalid characters, please migrate to a valid format.
2019-03-23 00:39:35 [restartedMain] INFO  o.s.cloud.context.scope.GenericScope -   - BeanFactory id=a6755ea0-fa5e-320d-a3f3-aa647b55ab32
2019-03-23 00:39:35 [restartedMain] INFO  o.s.c.s.PostProcessorRegistrationDelegate$BeanPostProcessorChecker -   - Bean 'org.springframework.transaction.annotation.ProxyTransactionManagementConfiguration' of type [org.springframework.transaction.annotation.ProxyTransactionManagementConfiguration$$EnhancerBySpringCGLIB$$1e4ce527] is not eligible for getting processed by all BeanPostProcessors (for example: not eligible for auto-proxying)
2019-03-23 00:39:35 [restartedMain] INFO  o.s.c.s.PostProcessorRegistrationDelegate$BeanPostProcessorChecker -   - Bean 'org.springframework.cloud.autoconfigure.ConfigurationPropertiesRebinderAutoConfiguration' of type [org.springframework.cloud.autoconfigure.ConfigurationPropertiesRebinderAutoConfiguration$$EnhancerBySpringCGLIB$$3a66e824] is not eligible for getting processed by all BeanPostProcessors (for example: not eligible for auto-proxying)
2019-03-23 00:39:36 [restartedMain] INFO  o.s.b.w.e.tomcat.TomcatWebServer -   - Tomcat initialized with port(s): 3001 (http)
2019-03-23 00:39:36 [restartedMain] INFO  o.a.catalina.core.StandardService -   - Starting service [Tomcat]
2019-03-23 00:39:36 [restartedMain] INFO  o.a.catalina.core.StandardEngine -   - Starting Servlet engine: [Apache Tomcat/9.0.16]
2019-03-23 00:39:36 [restartedMain] INFO  o.a.c.core.AprLifecycleListener -   - The APR based Apache Tomcat Native library which allows optimal performance in production environments was not found on the java.library.path: [C:\Java\jdk1.8.0_161\bin;C:\WINDOWS\Sun\Java\bin;C:\WINDOWS\system32;C:\WINDOWS;C:/Program Files/Java/jre1.8.0_171/bin/server;C:/Program Files/Java/jre1.8.0_171/bin;C:/Program Files/Java/jre1.8.0_171/lib/amd64;C:\Program Files (x86)\Common Files\Oracle\Java\javapath;C:\ProgramData\Oracle\Java\javapath;C:\Program Files (x86)\Intel\iCLS Client\;C:\Program Files\Intel\iCLS Client\;C:\WINDOWS\system32;C:\WINDOWS;C:\WINDOWS\System32\Wbem;C:\WINDOWS\System32\WindowsPowerShell\v1.0\;C:\Program Files (x86)\Intel\Intel(R) Management Engine Components\DAL;C:\Program Files\Intel\Intel(R) Management Engine Components\DAL;C:\Program Files (x86)\Intel\Intel(R) Management Engine Components\IPT;C:\Program Files\Intel\Intel(R) Management Engine Components\IPT;C:\Program Files\nodejs\;C:\Program Files\Microsoft SQL Server\Client SDK\ODBC\110\Tools\Binn\;C:\Program Files (x86)\Microsoft SQL Server\120\Tools\Binn\;C:\Program Files\Microsoft SQL Server\120\Tools\Binn\;C:\Program Files\Microsoft SQL Server\120\DTS\Binn\;C:\Program Files (x86)\Microsoft SQL Server\120\Tools\Binn\ManagementStudio\;C:\Program Files (x86)\Microsoft SQL Server\120\DTS\Binn\;C:\Program Files\MySQL\MySQL Server 5.5\bin;C:\WINDOWS\System32\OpenSSH\;C:\Program Files\PuTTY\;C:\Program Files (x86)\scala\bin;C:\hadoop-2.8.4\bin;C:\cygwin64\bin;C:\Tools\apache-tomcat-8.5.27\bin;C:\Users\bhave\AppData\Local\Android\Sdk;C:\Users\bhave\AppData\Local\Android\Sdk\platform-tools;C:\Users\bhave\AppData\Local\Android\Sdk\tools;C:\Program Files (x86)\Google\Cloud SDK\google-cloud-sdk\bin;C:\Program Files\Git\cmd;C:\Learning\ELK\sqljdbc_4.2.8112.200_enu\sqljdbc_4.2\enu\jre8\sqljdbc42.jar;C:\Learning\ELK\sqljdbc_4.2\enu\auth\x64\sqljdbc_auth.dll;C:\Program Files\Amazon\AWSCLI\bin\;C:\Python\Scripts\;C:\Python\;C:\Users\bhave\AppData\Local\Microsoft\WindowsApps;C:\Users\bhave\AppData\Roaming\npm;C:\Program Files\Microsoft VS Code\bin;C:\Users\bhave\AppData\Local\GitHubDesktop\bin;C:\WINDOWS\system32;;.]
2019-03-23 00:39:36 [restartedMain] INFO  o.a.c.c.C.[Tomcat].[localhost].[/] -   - Initializing Spring embedded WebApplicationContext
2019-03-23 00:39:36 [restartedMain] INFO  o.s.web.context.ContextLoader -   - Root WebApplicationContext: initialization completed in 2892 ms
2019-03-23 00:39:37 [restartedMain] WARN  c.n.c.sources.URLConfigurationSource -   - No URLs will be polled as dynamic configuration sources.
2019-03-23 00:39:37 [restartedMain] INFO  c.n.c.sources.URLConfigurationSource -   - To enable URLs as dynamic configuration sources, define System property archaius.configurationSource.additionalUrls or make config.properties available on classpath.
2019-03-23 00:39:37 [restartedMain] INFO  c.n.config.DynamicPropertyFactory -   - DynamicPropertyFactory is initialized with configuration sources: com.netflix.config.ConcurrentCompositeConfiguration@7ab88d13
2019-03-23 00:39:38 [restartedMain] INFO  o.s.cloud.commons.util.InetUtils -   - Cannot determine local hostname
2019-03-23 00:39:39 [restartedMain] INFO  com.zaxxer.hikari.HikariDataSource -   - HikariPool-1 - Starting...
2019-03-23 00:39:39 [restartedMain] INFO  com.zaxxer.hikari.HikariDataSource -   - HikariPool-1 - Start completed.
2019-03-23 00:39:39 [restartedMain] INFO  o.h.jpa.internal.util.LogHelper -   - HHH000204: Processing PersistenceUnitInfo [
	name: default
	...]
2019-03-23 00:39:39 [restartedMain] INFO  org.hibernate.Version -   - HHH000412: Hibernate Core {5.3.7.Final}
2019-03-23 00:39:39 [restartedMain] INFO  org.hibernate.cfg.Environment -   - HHH000206: hibernate.properties not found
2019-03-23 00:39:40 [restartedMain] INFO  o.h.annotations.common.Version -   - HCANN000001: Hibernate Commons Annotations {5.0.4.Final}
2019-03-23 00:39:40 [restartedMain] INFO  org.hibernate.dialect.Dialect -   - HHH000400: Using dialect: org.hibernate.dialect.MySQL5Dialect
2019-03-23 00:39:40 [restartedMain] INFO  o.s.o.j.LocalContainerEntityManagerFactoryBean -   - Initialized JPA EntityManagerFactory for persistence unit 'default'
2019-03-23 00:39:40 [restartedMain] WARN  c.n.c.sources.URLConfigurationSource -   - No URLs will be polled as dynamic configuration sources.
2019-03-23 00:39:40 [restartedMain] INFO  c.n.c.sources.URLConfigurationSource -   - To enable URLs as dynamic configuration sources, define System property archaius.configurationSource.additionalUrls or make config.properties available on classpath.
2019-03-23 00:39:40 [restartedMain] INFO  o.s.s.c.ThreadPoolTaskExecutor -   - Initializing ExecutorService 'applicationTaskExecutor'
2019-03-23 00:39:41 [restartedMain] WARN  o.s.b.a.o.j.JpaBaseConfiguration$JpaWebConfiguration$JpaWebMvcConfiguration -   - spring.jpa.open-in-view is enabled by default. Therefore, database queries may be performed during view rendering. Explicitly configure spring.jpa.open-in-view to disable this warning
2019-03-23 00:39:41 [restartedMain] WARN  o.s.b.d.a.OptionalLiveReloadServer -   - Unable to start LiveReload server
2019-03-23 00:39:42 [restartedMain] INFO  o.s.cloud.commons.util.InetUtils -   - Cannot determine local hostname
2019-03-23 00:39:43 [restartedMain] INFO  o.s.b.a.e.web.EndpointLinksResolver -   - Exposing 2 endpoint(s) beneath base path '/actuator'
2019-03-23 00:39:43 [restartedMain] INFO  o.s.c.n.eureka.InstanceInfoFactory -   - Setting initial instance status as: STARTING
2019-03-23 00:39:43 [restartedMain] INFO  c.netflix.discovery.DiscoveryClient -   - Initializing Eureka in region us-east-1
2019-03-23 00:39:44 [restartedMain] INFO  c.n.d.p.DiscoveryJerseyProvider -   - Using JSON encoding codec LegacyJacksonJson
2019-03-23 00:39:44 [restartedMain] INFO  c.n.d.p.DiscoveryJerseyProvider -   - Using JSON decoding codec LegacyJacksonJson
2019-03-23 00:39:44 [restartedMain] INFO  c.n.d.p.DiscoveryJerseyProvider -   - Using XML encoding codec XStreamXml
2019-03-23 00:39:44 [restartedMain] INFO  c.n.d.p.DiscoveryJerseyProvider -   - Using XML decoding codec XStreamXml
2019-03-23 00:39:44 [restartedMain] INFO  c.n.d.s.r.aws.ConfigClusterResolver -   - Resolving eureka endpoints via configuration
2019-03-23 00:39:44 [restartedMain] INFO  c.netflix.discovery.DiscoveryClient -   - Disable delta property : false
2019-03-23 00:39:44 [restartedMain] INFO  c.netflix.discovery.DiscoveryClient -   - Single vip registry refresh property : null
2019-03-23 00:39:44 [restartedMain] INFO  c.netflix.discovery.DiscoveryClient -   - Force full registry fetch : false
2019-03-23 00:39:44 [restartedMain] INFO  c.netflix.discovery.DiscoveryClient -   - Application is null : false
2019-03-23 00:39:44 [restartedMain] INFO  c.netflix.discovery.DiscoveryClient -   - Registered Applications size is zero : true
2019-03-23 00:39:44 [restartedMain] INFO  c.netflix.discovery.DiscoveryClient -   - Application version is -1: true
2019-03-23 00:39:44 [restartedMain] INFO  c.netflix.discovery.DiscoveryClient -   - Getting all instance registry info from the eureka server
2019-03-23 00:39:45 [restartedMain] INFO  c.netflix.discovery.DiscoveryClient -   - The response status is 200
2019-03-23 00:39:45 [restartedMain] INFO  c.netflix.discovery.DiscoveryClient -   - Starting heartbeat executor: renew interval is: 30
2019-03-23 00:39:45 [restartedMain] INFO  c.n.discovery.InstanceInfoReplicator -   - InstanceInfoReplicator onDemand update allowed rate per min is 4
2019-03-23 00:39:45 [restartedMain] INFO  c.netflix.discovery.DiscoveryClient -   - Discovery Client initialized at timestamp 1553281785143 with initial instances count: 3
2019-03-23 00:39:45 [restartedMain] INFO  o.s.c.n.e.s.EurekaServiceRegistry -   - Registering application AUTH-SERVICE with eureka with status UP
2019-03-23 00:39:45 [restartedMain] INFO  c.netflix.discovery.DiscoveryClient -   - Saw local status change event StatusChangeEvent [timestamp=1553281785152, current=UP, previous=STARTING]
2019-03-23 00:39:45 [DiscoveryClient-InstanceInfoReplicator-0] INFO  c.netflix.discovery.DiscoveryClient -   - DiscoveryClient_AUTH-SERVICE/localhost:auth-service:3001: registering service...
2019-03-23 00:39:45 [DiscoveryClient-InstanceInfoReplicator-0] INFO  c.netflix.discovery.DiscoveryClient -   - DiscoveryClient_AUTH-SERVICE/localhost:auth-service:3001 - registration status: 204
2019-03-23 00:39:45 [restartedMain] INFO  o.s.b.w.e.tomcat.TomcatWebServer -   - Tomcat started on port(s): 3001 (http) with context path ''
2019-03-23 00:39:45 [restartedMain] INFO  o.s.c.n.e.s.EurekaAutoServiceRegistration -   - Updating port to 3001
2019-03-23 00:39:45 [restartedMain] INFO  c.b.a.AuthserviceApplication -   - Started AuthserviceApplication in 14.875 seconds (JVM running for 15.703)
2019-03-23 00:40:21 [http-nio-3001-exec-1] INFO  o.a.c.c.C.[Tomcat].[localhost].[/] -   - Initializing Spring DispatcherServlet 'dispatcherServlet'
2019-03-23 00:40:21 [http-nio-3001-exec-1] INFO  o.s.web.servlet.DispatcherServlet -   - Initializing Servlet 'dispatcherServlet'
2019-03-23 00:40:21 [http-nio-3001-exec-1] INFO  o.s.web.servlet.DispatcherServlet -   - Completed initialization in 20 ms
2019-03-23 00:40:21 [http-nio-3001-exec-1] INFO  AuthService -  abfa4b3b-81bc-471a-b643-0a8fd6b84ffe - Request Received.
2019-03-23 00:40:22 [http-nio-3001-exec-1] INFO  AuthService -  abfa4b3b-81bc-471a-b643-0a8fd6b84ffe - Request Completed.
2019-03-23 00:41:22 [Thread-1] INFO  o.s.c.n.e.s.EurekaServiceRegistry -   - Unregistering application AUTH-SERVICE with eureka with status DOWN
2019-03-23 00:41:22 [Thread-1] WARN  c.netflix.discovery.DiscoveryClient -   - Saw local status change event StatusChangeEvent [timestamp=1553281882675, current=DOWN, previous=UP]
2019-03-23 00:41:22 [DiscoveryClient-InstanceInfoReplicator-0] INFO  c.netflix.discovery.DiscoveryClient -   - DiscoveryClient_AUTH-SERVICE/localhost:auth-service:3001: registering service...
2019-03-23 00:41:22 [DiscoveryClient-InstanceInfoReplicator-0] INFO  c.netflix.discovery.DiscoveryClient -   - DiscoveryClient_AUTH-SERVICE/localhost:auth-service:3001 - registration status: 204
2019-03-23 00:41:22 [Thread-1] INFO  o.s.s.c.ThreadPoolTaskExecutor -   - Shutting down ExecutorService 'applicationTaskExecutor'
2019-03-23 00:41:22 [Thread-1] INFO  o.s.o.j.LocalContainerEntityManagerFactoryBean -   - Closing JPA EntityManagerFactory for persistence unit 'default'
2019-03-23 00:41:22 [Thread-1] INFO  c.netflix.discovery.DiscoveryClient -   - Shutting down DiscoveryClient ...
2019-03-23 00:41:25 [Thread-1] INFO  c.netflix.discovery.DiscoveryClient -   - Unregistering ...
2019-03-23 00:41:25 [Thread-1] INFO  c.netflix.discovery.DiscoveryClient -   - DiscoveryClient_AUTH-SERVICE/localhost:auth-service:3001 - deregister  status: 200
2019-03-23 00:41:25 [Thread-1] INFO  c.netflix.discovery.DiscoveryClient -   - Completed shut down of DiscoveryClient
2019-03-23 00:41:25 [Thread-1] INFO  com.zaxxer.hikari.HikariDataSource -   - HikariPool-1 - Shutdown initiated...
2019-03-23 00:41:25 [Thread-1] INFO  com.zaxxer.hikari.HikariDataSource -   - HikariPool-1 - Shutdown completed.
2019-03-23 00:41:28 [restartedMain] INFO  c.b.a.AuthserviceApplication -   - No active profile set, falling back to default profiles: default
2019-03-23 00:41:29 [restartedMain] INFO  o.s.d.r.c.RepositoryConfigurationDelegate -   - Bootstrapping Spring Data repositories in DEFAULT mode.
2019-03-23 00:41:29 [restartedMain] INFO  o.s.d.r.c.RepositoryConfigurationDelegate -   - Finished Spring Data repository scanning in 8ms. Found 0 repository interfaces.
2019-03-23 00:41:29 [restartedMain] INFO  o.s.cloud.context.scope.GenericScope -   - BeanFactory id=a6755ea0-fa5e-320d-a3f3-aa647b55ab32
2019-03-23 00:41:29 [restartedMain] INFO  o.s.c.s.PostProcessorRegistrationDelegate$BeanPostProcessorChecker -   - Bean 'org.springframework.transaction.annotation.ProxyTransactionManagementConfiguration' of type [org.springframework.transaction.annotation.ProxyTransactionManagementConfiguration$$EnhancerBySpringCGLIB$$1e4ce527] is not eligible for getting processed by all BeanPostProcessors (for example: not eligible for auto-proxying)
2019-03-23 00:41:29 [restartedMain] INFO  o.s.c.s.PostProcessorRegistrationDelegate$BeanPostProcessorChecker -   - Bean 'org.springframework.cloud.autoconfigure.ConfigurationPropertiesRebinderAutoConfiguration' of type [org.springframework.cloud.autoconfigure.ConfigurationPropertiesRebinderAutoConfiguration$$EnhancerBySpringCGLIB$$3a66e824] is not eligible for getting processed by all BeanPostProcessors (for example: not eligible for auto-proxying)
2019-03-23 00:41:29 [restartedMain] INFO  o.s.b.w.e.tomcat.TomcatWebServer -   - Tomcat initialized with port(s): 3001 (http)
2019-03-23 00:41:29 [restartedMain] INFO  o.a.catalina.core.StandardService -   - Starting service [Tomcat]
2019-03-23 00:41:29 [restartedMain] INFO  o.a.catalina.core.StandardEngine -   - Starting Servlet engine: [Apache Tomcat/9.0.16]
2019-03-23 00:41:29 [restartedMain] INFO  o.a.c.c.C.[Tomcat].[localhost].[/] -   - Initializing Spring embedded WebApplicationContext
2019-03-23 00:41:29 [restartedMain] INFO  o.s.web.context.ContextLoader -   - Root WebApplicationContext: initialization completed in 1054 ms
2019-03-23 00:41:31 [restartedMain] INFO  o.s.cloud.commons.util.InetUtils -   - Cannot determine local hostname
2019-03-23 00:41:31 [restartedMain] INFO  com.zaxxer.hikari.HikariDataSource -   - HikariPool-2 - Starting...
2019-03-23 00:41:31 [restartedMain] INFO  com.zaxxer.hikari.HikariDataSource -   - HikariPool-2 - Start completed.
2019-03-23 00:41:31 [restartedMain] INFO  o.h.jpa.internal.util.LogHelper -   - HHH000204: Processing PersistenceUnitInfo [
	name: default
	...]
2019-03-23 00:41:31 [restartedMain] INFO  org.hibernate.dialect.Dialect -   - HHH000400: Using dialect: org.hibernate.dialect.MySQL5Dialect
2019-03-23 00:41:31 [restartedMain] INFO  o.s.o.j.LocalContainerEntityManagerFactoryBean -   - Initialized JPA EntityManagerFactory for persistence unit 'default'
2019-03-23 00:41:31 [restartedMain] WARN  c.n.c.sources.URLConfigurationSource -   - No URLs will be polled as dynamic configuration sources.
2019-03-23 00:41:31 [restartedMain] INFO  c.n.c.sources.URLConfigurationSource -   - To enable URLs as dynamic configuration sources, define System property archaius.configurationSource.additionalUrls or make config.properties available on classpath.
2019-03-23 00:41:31 [restartedMain] INFO  o.s.s.c.ThreadPoolTaskExecutor -   - Initializing ExecutorService 'applicationTaskExecutor'
2019-03-23 00:41:31 [restartedMain] WARN  o.s.b.a.o.j.JpaBaseConfiguration$JpaWebConfiguration$JpaWebMvcConfiguration -   - spring.jpa.open-in-view is enabled by default. Therefore, database queries may be performed during view rendering. Explicitly configure spring.jpa.open-in-view to disable this warning
2019-03-23 00:41:32 [restartedMain] WARN  o.s.b.d.a.OptionalLiveReloadServer -   - Unable to start LiveReload server
2019-03-23 00:41:33 [restartedMain] INFO  o.s.cloud.commons.util.InetUtils -   - Cannot determine local hostname
2019-03-23 00:41:33 [restartedMain] INFO  o.s.b.a.e.web.EndpointLinksResolver -   - Exposing 2 endpoint(s) beneath base path '/actuator'
2019-03-23 00:41:33 [restartedMain] INFO  o.s.c.n.eureka.InstanceInfoFactory -   - Setting initial instance status as: STARTING
2019-03-23 00:41:33 [restartedMain] INFO  c.netflix.discovery.DiscoveryClient -   - Initializing Eureka in region us-east-1
2019-03-23 00:41:33 [restartedMain] INFO  c.n.d.p.DiscoveryJerseyProvider -   - Using JSON encoding codec LegacyJacksonJson
2019-03-23 00:41:33 [restartedMain] INFO  c.n.d.p.DiscoveryJerseyProvider -   - Using JSON decoding codec LegacyJacksonJson
2019-03-23 00:41:33 [restartedMain] INFO  c.n.d.p.DiscoveryJerseyProvider -   - Using XML encoding codec XStreamXml
2019-03-23 00:41:33 [restartedMain] INFO  c.n.d.p.DiscoveryJerseyProvider -   - Using XML decoding codec XStreamXml
2019-03-23 00:41:33 [restartedMain] INFO  c.n.d.s.r.aws.ConfigClusterResolver -   - Resolving eureka endpoints via configuration
2019-03-23 00:41:33 [restartedMain] INFO  c.netflix.discovery.DiscoveryClient -   - Disable delta property : false
2019-03-23 00:41:33 [restartedMain] INFO  c.netflix.discovery.DiscoveryClient -   - Single vip registry refresh property : null
2019-03-23 00:41:33 [restartedMain] INFO  c.netflix.discovery.DiscoveryClient -   - Force full registry fetch : false
2019-03-23 00:41:33 [restartedMain] INFO  c.netflix.discovery.DiscoveryClient -   - Application is null : false
2019-03-23 00:41:33 [restartedMain] INFO  c.netflix.discovery.DiscoveryClient -   - Registered Applications size is zero : true
2019-03-23 00:41:33 [restartedMain] INFO  c.netflix.discovery.DiscoveryClient -   - Application version is -1: true
2019-03-23 00:41:33 [restartedMain] INFO  c.netflix.discovery.DiscoveryClient -   - Getting all instance registry info from the eureka server
2019-03-23 00:41:33 [restartedMain] INFO  c.netflix.discovery.DiscoveryClient -   - The response status is 200
2019-03-23 00:41:33 [restartedMain] INFO  c.netflix.discovery.DiscoveryClient -   - Starting heartbeat executor: renew interval is: 30
2019-03-23 00:41:33 [restartedMain] INFO  c.n.discovery.InstanceInfoReplicator -   - InstanceInfoReplicator onDemand update allowed rate per min is 4
2019-03-23 00:41:33 [restartedMain] INFO  c.netflix.discovery.DiscoveryClient -   - Discovery Client initialized at timestamp 1553281893621 with initial instances count: 2
2019-03-23 00:41:33 [restartedMain] INFO  o.s.c.n.e.s.EurekaServiceRegistry -   - Registering application AUTH-SERVICE with eureka with status UP
2019-03-23 00:41:33 [restartedMain] INFO  c.netflix.discovery.DiscoveryClient -   - Saw local status change event StatusChangeEvent [timestamp=1553281893621, current=UP, previous=STARTING]
2019-03-23 00:41:33 [DiscoveryClient-InstanceInfoReplicator-0] INFO  c.netflix.discovery.DiscoveryClient -   - DiscoveryClient_AUTH-SERVICE/localhost:auth-service:3001: registering service...
2019-03-23 00:41:33 [restartedMain] INFO  o.s.b.w.e.tomcat.TomcatWebServer -   - Tomcat started on port(s): 3001 (http) with context path ''
2019-03-23 00:41:33 [restartedMain] INFO  o.s.c.n.e.s.EurekaAutoServiceRegistration -   - Updating port to 3001
2019-03-23 00:41:33 [restartedMain] INFO  c.b.a.AuthserviceApplication -   - Started AuthserviceApplication in 7.41 seconds (JVM running for 124.091)
2019-03-23 00:41:33 [DiscoveryClient-InstanceInfoReplicator-0] INFO  c.netflix.discovery.DiscoveryClient -   - DiscoveryClient_AUTH-SERVICE/localhost:auth-service:3001 - registration status: 204
2019-03-23 00:41:33 [restartedMain] INFO  o.s.b.d.a.ConditionEvaluationDeltaLoggingListener -   - Condition evaluation unchanged
2019-03-23 00:41:42 [http-nio-3001-exec-10] INFO  o.a.c.c.C.[Tomcat].[localhost].[/] -   - Initializing Spring DispatcherServlet 'dispatcherServlet'
2019-03-23 00:41:42 [http-nio-3001-exec-10] INFO  o.s.web.servlet.DispatcherServlet -   - Initializing Servlet 'dispatcherServlet'
2019-03-23 00:41:42 [http-nio-3001-exec-10] INFO  o.s.web.servlet.DispatcherServlet -   - Completed initialization in 6 ms
2019-03-23 00:41:42 [http-nio-3001-exec-10] INFO  AuthService -  08eee688-67a4-4f9f-adc5-fbabdd48bd52 - Request Received.
2019-03-23 00:41:42 [http-nio-3001-exec-10] INFO  AuthService -  08eee688-67a4-4f9f-adc5-fbabdd48bd52 - Request Completed.
2019-03-23 00:42:29 [Thread-13] INFO  o.s.c.n.e.s.EurekaServiceRegistry -   - Unregistering application AUTH-SERVICE with eureka with status DOWN
2019-03-23 00:42:29 [Thread-13] WARN  c.netflix.discovery.DiscoveryClient -   - Saw local status change event StatusChangeEvent [timestamp=1553281949543, current=DOWN, previous=UP]
2019-03-23 00:42:29 [DiscoveryClient-InstanceInfoReplicator-0] INFO  c.netflix.discovery.DiscoveryClient -   - DiscoveryClient_AUTH-SERVICE/localhost:auth-service:3001: registering service...
2019-03-23 00:42:29 [DiscoveryClient-InstanceInfoReplicator-0] INFO  c.netflix.discovery.DiscoveryClient -   - DiscoveryClient_AUTH-SERVICE/localhost:auth-service:3001 - registration status: 204
2019-03-23 00:42:29 [Thread-13] INFO  o.s.s.c.ThreadPoolTaskExecutor -   - Shutting down ExecutorService 'applicationTaskExecutor'
2019-03-23 00:42:29 [Thread-13] INFO  o.s.o.j.LocalContainerEntityManagerFactoryBean -   - Closing JPA EntityManagerFactory for persistence unit 'default'
2019-03-23 00:42:29 [Thread-13] INFO  c.netflix.discovery.DiscoveryClient -   - Shutting down DiscoveryClient ...
2019-03-23 00:42:32 [Thread-13] INFO  c.netflix.discovery.DiscoveryClient -   - Unregistering ...
2019-03-23 00:42:32 [Thread-13] INFO  c.netflix.discovery.DiscoveryClient -   - DiscoveryClient_AUTH-SERVICE/localhost:auth-service:3001 - deregister  status: 200
2019-03-23 00:42:32 [Thread-13] INFO  c.netflix.discovery.DiscoveryClient -   - Completed shut down of DiscoveryClient
2019-03-23 00:42:32 [Thread-13] INFO  com.zaxxer.hikari.HikariDataSource -   - HikariPool-2 - Shutdown initiated...
2019-03-23 00:42:32 [Thread-13] INFO  com.zaxxer.hikari.HikariDataSource -   - HikariPool-2 - Shutdown completed.
2019-03-23 00:42:35 [restartedMain] INFO  c.b.a.AuthserviceApplication -   - No active profile set, falling back to default profiles: default
2019-03-23 00:42:36 [restartedMain] INFO  o.s.d.r.c.RepositoryConfigurationDelegate -   - Bootstrapping Spring Data repositories in DEFAULT mode.
2019-03-23 00:42:36 [restartedMain] INFO  o.s.d.r.c.RepositoryConfigurationDelegate -   - Finished Spring Data repository scanning in 2ms. Found 0 repository interfaces.
2019-03-23 00:42:36 [restartedMain] INFO  o.s.cloud.context.scope.GenericScope -   - BeanFactory id=a6755ea0-fa5e-320d-a3f3-aa647b55ab32
2019-03-23 00:42:36 [restartedMain] INFO  o.s.c.s.PostProcessorRegistrationDelegate$BeanPostProcessorChecker -   - Bean 'org.springframework.transaction.annotation.ProxyTransactionManagementConfiguration' of type [org.springframework.transaction.annotation.ProxyTransactionManagementConfiguration$$EnhancerBySpringCGLIB$$1e4ce527] is not eligible for getting processed by all BeanPostProcessors (for example: not eligible for auto-proxying)
2019-03-23 00:42:36 [restartedMain] INFO  o.s.c.s.PostProcessorRegistrationDelegate$BeanPostProcessorChecker -   - Bean 'org.springframework.cloud.autoconfigure.ConfigurationPropertiesRebinderAutoConfiguration' of type [org.springframework.cloud.autoconfigure.ConfigurationPropertiesRebinderAutoConfiguration$$EnhancerBySpringCGLIB$$3a66e824] is not eligible for getting processed by all BeanPostProcessors (for example: not eligible for auto-proxying)
2019-03-23 00:42:36 [restartedMain] INFO  o.s.b.w.e.tomcat.TomcatWebServer -   - Tomcat initialized with port(s): 3001 (http)
2019-03-23 00:42:36 [restartedMain] INFO  o.a.catalina.core.StandardService -   - Starting service [Tomcat]
2019-03-23 00:42:36 [restartedMain] INFO  o.a.catalina.core.StandardEngine -   - Starting Servlet engine: [Apache Tomcat/9.0.16]
2019-03-23 00:42:36 [restartedMain] INFO  o.a.c.c.C.[Tomcat].[localhost].[/] -   - Initializing Spring embedded WebApplicationContext
2019-03-23 00:42:36 [restartedMain] INFO  o.s.web.context.ContextLoader -   - Root WebApplicationContext: initialization completed in 933 ms
2019-03-23 00:42:38 [restartedMain] INFO  o.s.cloud.commons.util.InetUtils -   - Cannot determine local hostname
2019-03-23 00:42:38 [restartedMain] INFO  com.zaxxer.hikari.HikariDataSource -   - HikariPool-3 - Starting...
2019-03-23 00:42:38 [restartedMain] INFO  com.zaxxer.hikari.HikariDataSource -   - HikariPool-3 - Start completed.
2019-03-23 00:42:38 [restartedMain] INFO  o.h.jpa.internal.util.LogHelper -   - HHH000204: Processing PersistenceUnitInfo [
	name: default
	...]
2019-03-23 00:42:38 [restartedMain] INFO  org.hibernate.dialect.Dialect -   - HHH000400: Using dialect: org.hibernate.dialect.MySQL5Dialect
2019-03-23 00:42:38 [restartedMain] INFO  o.s.o.j.LocalContainerEntityManagerFactoryBean -   - Initialized JPA EntityManagerFactory for persistence unit 'default'
2019-03-23 00:42:38 [restartedMain] WARN  c.n.c.sources.URLConfigurationSource -   - No URLs will be polled as dynamic configuration sources.
2019-03-23 00:42:38 [restartedMain] INFO  c.n.c.sources.URLConfigurationSource -   - To enable URLs as dynamic configuration sources, define System property archaius.configurationSource.additionalUrls or make config.properties available on classpath.
2019-03-23 00:42:38 [restartedMain] INFO  o.s.s.c.ThreadPoolTaskExecutor -   - Initializing ExecutorService 'applicationTaskExecutor'
2019-03-23 00:42:38 [restartedMain] WARN  o.s.b.a.o.j.JpaBaseConfiguration$JpaWebConfiguration$JpaWebMvcConfiguration -   - spring.jpa.open-in-view is enabled by default. Therefore, database queries may be performed during view rendering. Explicitly configure spring.jpa.open-in-view to disable this warning
2019-03-23 00:42:38 [restartedMain] WARN  o.s.b.d.a.OptionalLiveReloadServer -   - Unable to start LiveReload server
2019-03-23 00:42:40 [restartedMain] INFO  o.s.cloud.commons.util.InetUtils -   - Cannot determine local hostname
2019-03-23 00:42:40 [restartedMain] INFO  o.s.b.a.e.web.EndpointLinksResolver -   - Exposing 2 endpoint(s) beneath base path '/actuator'
2019-03-23 00:42:40 [restartedMain] INFO  o.s.c.n.eureka.InstanceInfoFactory -   - Setting initial instance status as: STARTING
2019-03-23 00:42:40 [restartedMain] INFO  c.netflix.discovery.DiscoveryClient -   - Initializing Eureka in region us-east-1
2019-03-23 00:42:40 [restartedMain] INFO  c.n.d.p.DiscoveryJerseyProvider -   - Using JSON encoding codec LegacyJacksonJson
2019-03-23 00:42:40 [restartedMain] INFO  c.n.d.p.DiscoveryJerseyProvider -   - Using JSON decoding codec LegacyJacksonJson
2019-03-23 00:42:40 [restartedMain] INFO  c.n.d.p.DiscoveryJerseyProvider -   - Using XML encoding codec XStreamXml
2019-03-23 00:42:40 [restartedMain] INFO  c.n.d.p.DiscoveryJerseyProvider -   - Using XML decoding codec XStreamXml
2019-03-23 00:42:40 [restartedMain] INFO  c.n.d.s.r.aws.ConfigClusterResolver -   - Resolving eureka endpoints via configuration
2019-03-23 00:42:40 [restartedMain] INFO  c.netflix.discovery.DiscoveryClient -   - Disable delta property : false
2019-03-23 00:42:40 [restartedMain] INFO  c.netflix.discovery.DiscoveryClient -   - Single vip registry refresh property : null
2019-03-23 00:42:40 [restartedMain] INFO  c.netflix.discovery.DiscoveryClient -   - Force full registry fetch : false
2019-03-23 00:42:40 [restartedMain] INFO  c.netflix.discovery.DiscoveryClient -   - Application is null : false
2019-03-23 00:42:40 [restartedMain] INFO  c.netflix.discovery.DiscoveryClient -   - Registered Applications size is zero : true
2019-03-23 00:42:40 [restartedMain] INFO  c.netflix.discovery.DiscoveryClient -   - Application version is -1: true
2019-03-23 00:42:40 [restartedMain] INFO  c.netflix.discovery.DiscoveryClient -   - Getting all instance registry info from the eureka server
2019-03-23 00:42:40 [restartedMain] INFO  c.netflix.discovery.DiscoveryClient -   - The response status is 200
2019-03-23 00:42:40 [restartedMain] INFO  c.netflix.discovery.DiscoveryClient -   - Starting heartbeat executor: renew interval is: 30
2019-03-23 00:42:40 [restartedMain] INFO  c.n.discovery.InstanceInfoReplicator -   - InstanceInfoReplicator onDemand update allowed rate per min is 4
2019-03-23 00:42:40 [restartedMain] INFO  c.netflix.discovery.DiscoveryClient -   - Discovery Client initialized at timestamp 1553281960355 with initial instances count: 3
2019-03-23 00:42:40 [restartedMain] INFO  o.s.c.n.e.s.EurekaServiceRegistry -   - Registering application AUTH-SERVICE with eureka with status UP
2019-03-23 00:42:40 [restartedMain] INFO  c.netflix.discovery.DiscoveryClient -   - Saw local status change event StatusChangeEvent [timestamp=1553281960355, current=UP, previous=STARTING]
2019-03-23 00:42:40 [restartedMain] INFO  o.s.b.w.e.tomcat.TomcatWebServer -   - Tomcat started on port(s): 3001 (http) with context path ''
2019-03-23 00:42:40 [restartedMain] INFO  o.s.c.n.e.s.EurekaAutoServiceRegistration -   - Updating port to 3001
2019-03-23 00:42:40 [restartedMain] INFO  c.b.a.AuthserviceApplication -   - Started AuthserviceApplication in 7.302 seconds (JVM running for 190.819)
2019-03-23 00:42:40 [restartedMain] INFO  o.s.b.d.a.ConditionEvaluationDeltaLoggingListener -   - Condition evaluation unchanged
2019-03-23 00:42:40 [DiscoveryClient-InstanceInfoReplicator-0] INFO  c.netflix.discovery.DiscoveryClient -   - DiscoveryClient_AUTH-SERVICE/localhost:auth-service:3001: registering service...
2019-03-23 00:42:40 [DiscoveryClient-InstanceInfoReplicator-0] INFO  c.netflix.discovery.DiscoveryClient -   - DiscoveryClient_AUTH-SERVICE/localhost:auth-service:3001 - registration status: 204
2019-03-23 00:47:40 [AsyncResolver-bootstrap-executor-0] INFO  c.n.d.s.r.aws.ConfigClusterResolver -   - Resolving eureka endpoints via configuration
